Starting App using Java 17.0.13 with PID 10789 (/workspaces/Project/client/target/classes started by dev in /workspaces/Project/client)
No active profile set, falling back to 1 default profile: "default"
Started App in 5.569 seconds (process running for 6.468)
---------------------REQ 1------------------------
Title: Back to the Future, Release Date: 1985-07-03
Title: The Terminator, Release Date: 1984-10-26
Title: E.T. the Extra-Terrestrial, Release Date: 1982-06-11
Title: Inception, Release Date: 2010-07-16
Title: The Dark Knight, Release Date: 2008-07-18
Title: Pulp Fiction, Release Date: 1994-10-14
Title: The Matrix, Release Date: 1999-03-31
Title: Gladiator, Release Date: 2000-05-05
Title: Interstellar, Release Date: 2014-11-07
Title: Parasite, Release Date: 2019-05-30
Title: Cheers, Release Date: 1982-09-30
Title: The A-Team, Release Date: 1983-01-23
Title: MacGyver, Release Date: 1985-09-29
Title: Breaking Bad, Release Date: 2008-01-20
Title: Game of Thrones, Release Date: 2011-04-17
Title: The Office, Release Date: 2005-03-24
Title: Stranger Things, Release Date: 2016-07-15
Title: Friends, Release Date: 1994-09-22
Title: The Mandalorian, Release Date: 2019-11-12
Title: The Crown, Release Date: 2016-11-04
---------------------REQ 2------------------------
Total Media Count: 20
---------------------REQ 3------------------------
Total Really Good Media Count (Rating > 8): 15
---------------------REQ 4------------------------
Subscribed Media Count: 18
---------------------REQ 5------------------------
Media(id=12, title=The A-Team, releaseDate=1983-01-23, averageRating=7.5, type=TV_SHOW)
Media(id=13, title=MacGyver, releaseDate=1985-09-29, averageRating=7.7, type=TV_SHOW)
Media(id=3, title=E.T. the Extra-Terrestrial, releaseDate=1982-06-11, averageRating=7.9, type=MOVIE)
Media(id=11, title=Cheers, releaseDate=1982-09-30, averageRating=7.9, type=TV_SHOW)
Media(id=2, title=The Terminator, releaseDate=1984-10-26, averageRating=8.0, type=MOVIE)
Media(id=1, title=Back to the Future, releaseDate=1985-07-03, averageRating=8.5, type=MOVIE)
---------------------REQ 6------------------------
Average Rating: 8.559999999999999
Standard Deviation of Ratings: 0.5073460357586789
---------------------REQ 7------------------------
Media(id=3, title=E.T. the Extra-Terrestrial, releaseDate=1982-06-11, averageRating=7.9, type=MOVIE)
---------------------REQ 8------------------------
Average number of users per media item: 1.45
---------------------REQ 9------------------------
Media Title: The Mandalorian - Users: [] - Total Users: 0
Media Title: The Crown - Users: [] - Total Users: 0
Media Title: The Dark Knight - Users: [Diana Prince] - Total Users: 1
Media Title: Cheers - Users: [Frank Castle] - Total Users: 1
Media Title: The A-Team - Users: [Bob Smith] - Total Users: 1
Media Title: MacGyver - Users: [Frank Castle] - Total Users: 1
Media Title: Breaking Bad - Users: [Charlie Brown] - Total Users: 1
Media Title: Game of Thrones - Users: [Bob Smith] - Total Users: 1
Media Title: Stranger Things - Users: [Elliot Alderson] - Total Users: 1
Media Title: The Office - Users: [Diana Prince, Charlie Brown] - Total Users: 2
Media Title: Back to the Future - Users: [Bob Smith, Alice Johnson] - Total Users: 2
Media Title: Inception - Users: [Diana Prince, Alice Johnson] - Total Users: 2
Media Title: The Matrix - Users: [Bob Smith, Elliot Alderson] - Total Users: 2
Media Title: The Terminator - Users: [Alice Johnson, Charlie Brown] - Total Users: 2
Media Title: Pulp Fiction - Users: [Bob Smith, Alice Johnson] - Total Users: 2
Media Title: E.T. the Extra-Terrestrial - Users: [Frank Castle, Bob Smith] - Total Users: 2
Media Title: Gladiator - Users: [Diana Prince, Charlie Brown] - Total Users: 2
Media Title: Interstellar - Users: [Elliot Alderson, Charlie Brown] - Total Users: 2
Media Title: Parasite - Users: [Frank Castle, Alice Johnson] - Total Users: 2
Media Title: Friends - Users: [Diana Prince, Elliot Alderson] - Total Users: 2
---------------------REQ 10------------------------
User(1): Alice Johnson, Age: 28, Gender: FEMALE, Subscribed Media: [The Terminator, Back to the Future, Inception, Pulp Fiction, Parasite]
User(2): Bob Smith, Age: 34, Gender: MALE, Subscribed Media: [Back to the Future, E.T. the Extra-Terrestrial, Pulp Fiction, The Matrix, The A-Team, Game of Thrones]
User(3): Charlie Brown, Age: 22, Gender: MALE, Subscribed Media: [The Terminator, Interstellar, Gladiator, Breaking Bad, The Office]
User(4): Diana Prince, Age: 30, Gender: FEMALE, Subscribed Media: [Inception, The Dark Knight, Gladiator, The Office, Friends]
User(5): Elliot Alderson, Age: 25, Gender: MALE, Subscribed Media: [The Matrix, Interstellar, Stranger Things, Friends]
User(6): Frank Castle, Age: 40, Gender: MALE, Subscribed Media: [E.T. the Extra-Terrestrial, Parasite, Cheers, MacGyver]
